[2025-09-11 15:28:55,720] 1025 httpx - INFO - HTTP Request: GET https://dagshub.com/api/v1/user "HTTP/1.1 200 OK"
[2025-09-11 15:28:55,726] 107 dagshub - INFO - Accessing as Assis-Mohanty
[2025-09-11 15:28:59,560] 1025 httpx - INFO - HTTP Request: GET https://dagshub.com/api/v1/repos/Assis-Mohanty/NetworkSecurityQ "HTTP/1.1 200 OK"
[2025-09-11 15:29:01,496] 1025 httpx - INFO - HTTP Request: GET https://dagshub.com/api/v1/user "HTTP/1.1 200 OK"
[2025-09-11 15:29:01,501] 107 dagshub - INFO - Initialized MLflow to track repo "Assis-Mohanty/NetworkSecurityQ"
[2025-09-11 15:29:01,502] 107 dagshub - INFO - Repository Assis-Mohanty/NetworkSecurityQ initialized!
[2025-09-11 15:29:01,835] 18 root - INFO - Initate the data ingestion
[2025-09-11 15:29:15,870] 41 root - INFO - Read dataframe with shape: (34844, 11)
[2025-09-11 15:29:16,131] 67 root - INFO - Train test split performed on the dataframe
[2025-09-11 15:29:16,131] 68 root - INFO - exited the split_data_as_train_test method of DataIngestion class 
[2025-09-11 15:29:16,134] 71 root - INFO - Exporting train and test file path
[2025-09-11 15:29:16,384] 78 root - INFO - Exported traing and test file path
[2025-09-11 15:29:16,398] 20 root - INFO - Data ingestion completed
[2025-09-11 15:29:16,406] 24 root - INFO - Initated the data validation
[2025-09-11 15:29:16,532] 31 root - INFO - Required number of columns:2
[2025-09-11 15:29:16,532] 32 root - INFO - Data frame has columns:10
[2025-09-11 15:29:16,532] 47 root - ERROR - Missing numerical columns: ['having_IP_Address', 'URL_Length', 'Shortining_Service', 'having_At_Symbol', 'double_slash_redirecting', 'Prefix_Suffix', 'having_Sub_Domain', 'SSLfinal_State', 'Domain_registeration_length', 'Favicon', 'port', 'HTTPS_token', 'Request_URL', 'URL_of_Anchor', 'Links_in_tags', 'SFH', 'Submitting_to_email', 'Abnormal_URL', 'Redirect', 'on_mouseover', 'RightClick', 'popUpWidnow', 'Iframe', 'age_of_domain', 'DNSRecord', 'web_traffic', 'Page_Rank', 'Google_Index', 'Links_pointing_to_page', 'Statistical_report', 'Result']
[2025-09-11 15:29:16,972] 26 root - INFO - Data validation completed
[2025-09-11 15:29:16,973] 30 root - INFO - Initate the data transformation
[2025-09-11 15:29:16,973] 49 root - INFO - Entered the initiate_data_transformation of the DataTransformation class
[2025-09-11 15:29:16,973] 51 root - INFO - Starting the data transformation
[2025-09-11 15:29:17,098] 38 root - INFO - Entered get_transformation_object method of Transformation class
[2025-09-11 15:29:17,098] 41 root - INFO - Intialized KNNImputer with {'missing_values': nan, 'n_neighbors': 3, 'weights': 'uniform'}
