[2025-09-12 09:08:19,203] 1025 httpx - INFO - HTTP Request: GET https://dagshub.com/api/v1/user "HTTP/1.1 200 OK"
[2025-09-12 09:08:19,207] 107 dagshub - INFO - Accessing as Assis-Mohanty
[2025-09-12 09:08:19,980] 1025 httpx - INFO - HTTP Request: GET https://dagshub.com/api/v1/repos/Assis-Mohanty/NetworkSecurityQ "HTTP/1.1 200 OK"
[2025-09-12 09:08:20,688] 1025 httpx - INFO - HTTP Request: GET https://dagshub.com/api/v1/user "HTTP/1.1 200 OK"
[2025-09-12 09:08:20,689] 107 dagshub - INFO - Initialized MLflow to track repo "Assis-Mohanty/NetworkSecurityQ"
[2025-09-12 09:08:20,689] 107 dagshub - INFO - Repository Assis-Mohanty/NetworkSecurityQ initialized!
[2025-09-12 09:08:30,369] 42 root - INFO - Started data ingestion
[2025-09-12 09:08:34,463] 41 root - INFO - Read dataframe with shape: (34844, 11)
[2025-09-12 09:08:34,902] 67 root - INFO - Train test split performed on the dataframe
[2025-09-12 09:08:34,902] 68 root - INFO - exited the split_data_as_train_test method of DataIngestion class 
[2025-09-12 09:08:34,903] 71 root - INFO - Exporting train and test file path
[2025-09-12 09:08:35,301] 78 root - INFO - Exported traing and test file path
[2025-09-12 09:08:35,316] 45 root - INFO - Data Ingestion completed and artifact:DataIngestionArtifact(trained_file_path='Artifacts\\09_12_2025_09_08_17\\data_ingestion\\ingested\\train.csv', test_file_path='Artifacts\\09_12_2025_09_08_17\\data_ingestion\\ingested\\test.csv')
[2025-09-12 09:08:35,317] 53 root - INFO - Started data validation
[2025-09-12 09:08:35,421] 31 root - INFO - Required number of columns:2
[2025-09-12 09:08:35,422] 32 root - INFO - Data frame has columns:10
[2025-09-12 09:08:35,422] 47 root - ERROR - Missing numerical columns: ['having_IP_Address', 'URL_Length', 'Shortining_Service', 'having_At_Symbol', 'double_slash_redirecting', 'Prefix_Suffix', 'having_Sub_Domain', 'SSLfinal_State', 'Domain_registeration_length', 'Favicon', 'port', 'HTTPS_token', 'Request_URL', 'URL_of_Anchor', 'Links_in_tags', 'SFH', 'Submitting_to_email', 'Abnormal_URL', 'Redirect', 'on_mouseover', 'RightClick', 'popUpWidnow', 'Iframe', 'age_of_domain', 'DNSRecord', 'web_traffic', 'Page_Rank', 'Google_Index', 'Links_pointing_to_page', 'Statistical_report', 'Result']
[2025-09-12 09:08:36,253] 56 root - INFO - Data Validation completed and artifact:DataValidationArtifact(validation_status=None, valid_train_file_path='Artifacts\\09_12_2025_09_08_17\\data_validation\\validated\\train.csv', valid_test_file_path='Artifacts\\09_12_2025_09_08_17\\data_validation\\validated\\test.csv', invalid_train_file_path=None, invalid_test_file_path=None, drift_report_file_path='Artifacts\\09_12_2025_09_08_17\\data_validation\\drift_report\\report.yaml')
[2025-09-12 09:08:36,253] 66 root - INFO - Started data validation
[2025-09-12 09:08:36,253] 73 root - INFO - Entered the initiate_data_transformation of the DataTransformation class
[2025-09-12 09:08:36,253] 75 root - INFO - Starting the data transformation
[2025-09-12 09:08:36,365] 42 root - INFO - Entered get_transformation_object method of Transformation class
