[2025-09-12 09:01:53,706] 1025 httpx - INFO - HTTP Request: GET https://dagshub.com/api/v1/user "HTTP/1.1 200 OK"
[2025-09-12 09:01:53,709] 107 dagshub - INFO - Accessing as Assis-Mohanty
[2025-09-12 09:01:54,385] 1025 httpx - INFO - HTTP Request: GET https://dagshub.com/api/v1/repos/Assis-Mohanty/NetworkSecurityQ "HTTP/1.1 200 OK"
[2025-09-12 09:01:55,098] 1025 httpx - INFO - HTTP Request: GET https://dagshub.com/api/v1/user "HTTP/1.1 200 OK"
[2025-09-12 09:01:55,100] 107 dagshub - INFO - Initialized MLflow to track repo "Assis-Mohanty/NetworkSecurityQ"
[2025-09-12 09:01:55,101] 107 dagshub - INFO - Repository Assis-Mohanty/NetworkSecurityQ initialized!
[2025-09-12 09:03:33,858] 42 root - INFO - Started data ingestion
[2025-09-12 09:03:38,365] 41 root - INFO - Read dataframe with shape: (34844, 11)
[2025-09-12 09:03:38,799] 67 root - INFO - Train test split performed on the dataframe
[2025-09-12 09:03:38,799] 68 root - INFO - exited the split_data_as_train_test method of DataIngestion class 
[2025-09-12 09:03:38,800] 71 root - INFO - Exporting train and test file path
[2025-09-12 09:03:39,200] 78 root - INFO - Exported traing and test file path
[2025-09-12 09:03:39,217] 45 root - INFO - Data Ingestion completed and artifact:DataIngestionArtifact(trained_file_path='Artifacts\\09_12_2025_09_01_51\\data_ingestion\\ingested\\train.csv', test_file_path='Artifacts\\09_12_2025_09_01_51\\data_ingestion\\ingested\\test.csv')
[2025-09-12 09:03:39,218] 53 root - INFO - Started data validation
[2025-09-12 09:03:39,319] 31 root - INFO - Required number of columns:2
[2025-09-12 09:03:39,319] 32 root - INFO - Data frame has columns:10
[2025-09-12 09:03:39,319] 47 root - ERROR - Missing numerical columns: ['having_IP_Address', 'URL_Length', 'Shortining_Service', 'having_At_Symbol', 'double_slash_redirecting', 'Prefix_Suffix', 'having_Sub_Domain', 'SSLfinal_State', 'Domain_registeration_length', 'Favicon', 'port', 'HTTPS_token', 'Request_URL', 'URL_of_Anchor', 'Links_in_tags', 'SFH', 'Submitting_to_email', 'Abnormal_URL', 'Redirect', 'on_mouseover', 'RightClick', 'popUpWidnow', 'Iframe', 'age_of_domain', 'DNSRecord', 'web_traffic', 'Page_Rank', 'Google_Index', 'Links_pointing_to_page', 'Statistical_report', 'Result']
[2025-09-12 09:03:40,080] 56 root - INFO - Data Validation completed and artifact:DataValidationArtifact(validation_status=None, valid_train_file_path='Artifacts\\09_12_2025_09_01_51\\data_validation\\validated\\train.csv', valid_test_file_path='Artifacts\\09_12_2025_09_01_51\\data_validation\\validated\\test.csv', invalid_train_file_path=None, invalid_test_file_path=None, drift_report_file_path='Artifacts\\09_12_2025_09_01_51\\data_validation\\drift_report\\report.yaml')
[2025-09-12 09:03:40,080] 66 root - INFO - Started data validation
[2025-09-12 09:03:40,080] 49 root - INFO - Entered the initiate_data_transformation of the DataTransformation class
[2025-09-12 09:03:40,080] 51 root - INFO - Starting the data transformation
[2025-09-12 09:03:40,190] 38 root - INFO - Entered get_transformation_object method of Transformation class
[2025-09-12 09:03:40,190] 41 root - INFO - Intialized KNNImputer with {'missing_values': nan, 'n_neighbors': 3, 'weights': 'uniform'}
[2025-09-12 09:03:48,565] 42 root - INFO - Started data ingestion
[2025-09-12 09:03:52,136] 41 root - INFO - Read dataframe with shape: (34844, 11)
[2025-09-12 09:03:52,263] 67 root - INFO - Train test split performed on the dataframe
[2025-09-12 09:03:52,263] 68 root - INFO - exited the split_data_as_train_test method of DataIngestion class 
[2025-09-12 09:03:52,263] 71 root - INFO - Exporting train and test file path
[2025-09-12 09:03:52,379] 78 root - INFO - Exported traing and test file path
[2025-09-12 09:03:52,385] 45 root - INFO - Data Ingestion completed and artifact:DataIngestionArtifact(trained_file_path='Artifacts\\09_12_2025_09_01_51\\data_ingestion\\ingested\\train.csv', test_file_path='Artifacts\\09_12_2025_09_01_51\\data_ingestion\\ingested\\test.csv')
[2025-09-12 09:03:52,386] 53 root - INFO - Started data validation
[2025-09-12 09:03:52,422] 31 root - INFO - Required number of columns:2
[2025-09-12 09:03:52,422] 32 root - INFO - Data frame has columns:10
[2025-09-12 09:03:52,422] 47 root - ERROR - Missing numerical columns: ['having_IP_Address', 'URL_Length', 'Shortining_Service', 'having_At_Symbol', 'double_slash_redirecting', 'Prefix_Suffix', 'having_Sub_Domain', 'SSLfinal_State', 'Domain_registeration_length', 'Favicon', 'port', 'HTTPS_token', 'Request_URL', 'URL_of_Anchor', 'Links_in_tags', 'SFH', 'Submitting_to_email', 'Abnormal_URL', 'Redirect', 'on_mouseover', 'RightClick', 'popUpWidnow', 'Iframe', 'age_of_domain', 'DNSRecord', 'web_traffic', 'Page_Rank', 'Google_Index', 'Links_pointing_to_page', 'Statistical_report', 'Result']
[2025-09-12 09:03:52,672] 56 root - INFO - Data Validation completed and artifact:DataValidationArtifact(validation_status=None, valid_train_file_path='Artifacts\\09_12_2025_09_01_51\\data_validation\\validated\\train.csv', valid_test_file_path='Artifacts\\09_12_2025_09_01_51\\data_validation\\validated\\test.csv', invalid_train_file_path=None, invalid_test_file_path=None, drift_report_file_path='Artifacts\\09_12_2025_09_01_51\\data_validation\\drift_report\\report.yaml')
[2025-09-12 09:03:52,672] 66 root - INFO - Started data validation
[2025-09-12 09:03:52,672] 49 root - INFO - Entered the initiate_data_transformation of the DataTransformation class
[2025-09-12 09:03:52,672] 51 root - INFO - Starting the data transformation
[2025-09-12 09:03:52,711] 38 root - INFO - Entered get_transformation_object method of Transformation class
[2025-09-12 09:03:52,711] 41 root - INFO - Intialized KNNImputer with {'missing_values': nan, 'n_neighbors': 3, 'weights': 'uniform'}
